\BOOKMARK [1][-]{section.1}{\376\377\122\115\212\000\000p\000r\000e\000f\000a\000c\000e}{}% 1
\BOOKMARK [1][-]{section.2}{\376\377\153\324\217\203\227\131\140\001\122\006\147\220\000c\000o\000m\000p\000a\000r\000a\000t\000i\000v\000e\000\040\000s\000t\000a\000t\000i\000c\000s}{}% 2
\BOOKMARK [2][-]{subsection.2.1}{\376\377\116\300\116\110\146\057\153\324\217\203\227\131\140\001\122\006\147\220}{section.2}% 3
\BOOKMARK [2][-]{subsection.2.2}{\376\377\116\000\202\054\121\375\145\160\152\041\127\213\166\204\153\324\217\203\227\131\140\001\122\006\147\220}{section.2}% 4
\BOOKMARK [3][-]{subsubsection.2.2.1}{\376\377\137\025\212\000}{subsection.2.2}% 5
\BOOKMARK [3][-]{subsubsection.2.2.2}{\376\377\226\220\121\375\145\160\133\232\164\006\116\016\226\220\121\375\145\160\154\102\133\374}{subsection.2.2}% 6
\BOOKMARK [3][-]{subsubsection.2.2.3}{\376\377\200\124\172\313\145\271\172\013\176\304\116\055\166\204\226\220\121\375\145\160\133\232\164\006\116\016\154\102\133\374}{subsection.2.2}% 7
\BOOKMARK [3][-]{subsubsection.2.2.4}{\376\377\117\213\133\120}{subsection.2.2}% 8
\BOOKMARK [2][-]{subsection.2.3}{\376\377\140\073\176\323}{section.2}% 9
\BOOKMARK [1][-]{section.3}{\376\377\145\340\176\246\147\137\147\141\116\366\116\013\166\204\147\000\117\030\123\026\000u\000n\000c\000o\000n\000s\000t\000r\000a\000i\000n\000e\000d\000\040\000o\000p\000t\000i\000m\000a\000l}{}% 10
\BOOKMARK [2][-]{subsection.3.1}{\376\377\116\072\116\300\116\110\211\201\147\000\117\030\123\026}{section.3}% 11
\BOOKMARK [2][-]{subsection.3.2}{\376\377\147\000\117\030\123\026\225\356\230\230\146\057\116\300\116\110}{section.3}% 12
\BOOKMARK [2][-]{subsection.3.3}{\376\377\123\125\116\052\220\011\142\351\123\330\221\317\116\013\166\204\147\000\117\030\123\026}{section.3}% 13
\BOOKMARK [3][-]{subsubsection.3.3.1}{\376\377\116\000\226\066\147\141\116\366}{subsection.3.3}% 14
\BOOKMARK [3][-]{subsubsection.3.3.2}{\376\377\116\214\226\066\147\141\116\366}{subsection.3.3}% 15
\BOOKMARK [2][-]{subsection.3.4}{\376\377\116\044\116\052\220\011\142\351\123\330\221\317\116\013\166\204\147\000\117\030\123\026}{section.3}% 16
\BOOKMARK [3][-]{subsubsection.3.4.1}{\376\377\116\000\226\066\147\141\116\366}{subsection.3.4}% 17
\BOOKMARK [3][-]{subsubsection.3.4.2}{\376\377\116\214\226\066\147\141\116\366}{subsection.3.4}% 18
\BOOKMARK [3][-]{subsubsection.3.4.3}{\376\377\116\214\153\041\127\213\147\011\133\232\173\046\123\367\166\204\210\114\122\027\137\017\150\300\232\214}{subsection.3.4}% 19
\BOOKMARK [3][-]{subsubsection.3.4.4}{\376\377\116\214\153\041\127\213\147\011\133\232\173\046\123\367\166\204\162\171\137\201\150\071\150\300\232\214}{subsection.3.4}% 20
\BOOKMARK [2][-]{subsection.3.5}{\376\377\131\032\116\052\220\011\142\351\123\330\221\317\116\013\166\204\147\000\117\030\123\026}{section.3}% 21
\BOOKMARK [3][-]{subsubsection.3.5.1}{\376\377\116\000\226\066\147\141\116\366}{subsection.3.5}% 22
\BOOKMARK [3][-]{subsubsection.3.5.2}{\376\377\116\214\226\066\147\141\116\366}{subsection.3.5}% 23
\BOOKMARK [2][-]{subsection.3.6}{\376\377\116\214\226\066\147\141\116\366\116\016\166\356\150\007\121\375\145\160\166\204\121\371\140\047\116\016\121\370\140\047}{section.3}% 24
\BOOKMARK [3][-]{subsubsection.3.6.1}{\376\377\131\202\117\125\122\044\145\255\121\370\140\047\116\016\121\371\140\047}{subsection.3.6}% 25
\BOOKMARK [2][-]{subsection.3.7}{\376\377\140\073\176\323}{section.3}% 26
\BOOKMARK [1][-]{section.4}{\376\377\176\246\147\137\147\141\116\366\116\013\166\204\147\000\117\030\123\026\000c\000o\000n\000s\000t\000r\000a\000i\000n\000t\000e\000d\000\040\000o\000p\000t\000i\000m\000a\000l}{}% 27
\BOOKMARK [2][-]{subsection.4.1}{\376\377\142\311\150\074\147\027\145\345\116\130\145\160\154\325}{section.4}% 28
\BOOKMARK [3][-]{subsubsection.4.1.1}{\376\377\116\130\145\160\166\204\176\317\155\116\133\146\124\053\116\111}{subsection.4.1}% 29
\BOOKMARK [2][-]{subsection.4.2}{\376\377\116\214\226\066\147\141\116\366}{section.4}% 30
\BOOKMARK [3][-]{subsubsection.4.2.1}{\376\377\155\167\130\136\122\240\217\271\210\114\122\027\137\017}{subsection.4.2}% 31
\BOOKMARK [3][-]{subsubsection.4.2.2}{\376\377\142\337\121\371\147\141\116\366}{subsection.4.2}% 32
\BOOKMARK [2][-]{subsection.4.3}{\376\377\227\136\176\277\140\047\211\304\122\022\116\016\136\223\140\151\000-\130\124\121\113\147\141\116\366}{section.4}% 33
\BOOKMARK [3][-]{subsubsection.4.3.1}{\376\377\227\136\215\037\176\246\147\137}{subsection.4.3}% 34
\BOOKMARK [3][-]{subsubsection.4.3.2}{\376\377\116\015\173\111\137\017\176\246\147\137}{subsection.4.3}% 35
\BOOKMARK [2][-]{subsection.4.4}{\376\377\147\201\131\047\120\074\121\375\145\160\116\016\123\005\176\334\133\232\164\006}{section.4}% 36
\BOOKMARK [3][-]{subsubsection.4.4.1}{\376\377\145\340\176\246\147\137\140\305\121\265\116\013\166\204\123\005\176\334\133\232\164\006}{subsection.4.4}% 37
\BOOKMARK [3][-]{subsubsection.4.4.2}{\376\377\227\015\162\171\147\227\137\025\164\006}{subsection.4.4}% 38
\BOOKMARK [3][-]{subsubsection.4.4.3}{\376\377\176\246\147\137\140\305\121\265\116\013\166\204\123\005\176\334\133\232\164\006}{subsection.4.4}% 39
\BOOKMARK [3][-]{subsubsection.4.4.4}{\376\377\177\127\117\012\140\122\173\111\137\017}{subsection.4.4}% 40
\BOOKMARK [3][-]{subsubsection.4.4.5}{\376\377\214\042\154\374\137\267\137\025\164\006}{subsection.4.4}% 41
\BOOKMARK [2][-]{subsection.4.5}{\376\377\140\073\176\323}{section.4}% 42
\BOOKMARK [1][-]{section.5}{\376\377\122\250\140\001\133\146\173\200\116\313}{}% 43
\BOOKMARK [2][-]{subsection.5.1}{\376\377\137\256\122\006\116\016\135\356\122\006\145\271\172\013}{section.5}% 44
\BOOKMARK [2][-]{subsection.5.2}{\376\377\122\250\140\001\147\000\117\030\123\026\173\200\116\313}{section.5}% 45
\BOOKMARK [1][-]{section.6}{\376\377\116\000\226\066\137\256\122\006\145\271\172\013}{}% 46
\BOOKMARK [2][-]{subsection.6.1}{\376\377\136\070\145\160\174\373\145\160\124\214\136\070\145\160\230\171}{section.6}% 47
\BOOKMARK [2][-]{subsection.6.2}{\376\377\123\357\123\330\174\373\145\160\124\214\123\357\123\330\230\171}{section.6}% 48
\BOOKMARK [2][-]{subsection.6.3}{\376\377\140\160\137\123\137\256\122\006\145\271\172\013}{section.6}% 49
\BOOKMARK [2][-]{subsection.6.4}{\376\377\116\000\226\066\116\000\153\041\227\136\176\277\140\047\137\256\122\006\145\271\172\013}{section.6}% 50
\BOOKMARK [3][-]{subsubsection.6.4.1}{\376\377\140\160\137\123\137\256\122\006\145\271\172\013}{subsection.6.4}% 51
\BOOKMARK [3][-]{subsubsection.6.4.2}{\376\377\123\357\122\006\171\273\123\330\221\317}{subsection.6.4}% 52
\BOOKMARK [3][-]{subsubsection.6.4.3}{\376\377\117\057\122\252\122\051\145\271\172\013}{subsection.6.4}% 53
\BOOKMARK [2][-]{subsection.6.5}{\376\377\127\107\210\141}{section.6}% 54
\BOOKMARK [2][-]{subsection.6.6}{\376\377\217\320\165\050\166\370\117\115\126\376\217\333\210\114\133\232\140\047\122\006\147\220}{section.6}% 55
\BOOKMARK [2][-]{subsection.6.7}{\376\377\116\345\175\042\155\033\130\236\225\177\152\041\127\213\116\072\117\213\217\333\210\114\122\006\147\220}{section.6}% 56
\BOOKMARK [1][-]{section.7}{\376\377\232\330\226\066\137\256\122\006\145\271\172\013}{}% 57
\BOOKMARK [2][-]{subsection.7.1}{\376\377\116\214\226\066\137\256\122\006\145\271\172\013}{section.7}% 58
\BOOKMARK [2][-]{subsection.7.2}{\376\377\162\171\122\053\171\357\122\006}{section.7}% 59
\BOOKMARK [2][-]{subsection.7.3}{\376\377\117\131\121\375\145\160}{section.7}% 60
\BOOKMARK [2][-]{subsection.7.4}{\376\377\232\330\226\066\137\256\122\006\145\271\172\013\116\016\177\127\145\257\133\232\164\006}{section.7}% 61
\BOOKMARK [1][-]{section.8}{\376\377\116\000\226\066\135\356\122\006\145\271\172\013}{}% 62
\BOOKMARK [1][-]{section.9}{\376\377\232\330\226\066\135\356\122\006\145\271\172\013}{}% 63
\BOOKMARK [1][-]{section.10}{\376\377\123\330\122\006\154\325\166\204\127\372\147\054\225\356\230\230\116\016\116\000\226\066\147\141\116\366}{}% 64
\BOOKMARK [2][-]{subsection.10.1}{\376\377\153\047\142\311\145\271\172\013}{section.10}% 65
\BOOKMARK [2][-]{subsection.10.2}{\376\377\121\340\171\315\162\171\153\212\140\305\121\265\116\013\166\204\153\047\142\311\145\271\172\013\116\016\153\047\142\311\145\271\172\013\166\204\142\151\134\125}{section.10}% 66
\BOOKMARK [3][-]{subsubsection.10.2.1}{\376\377\000F\000\040\000=\000\040\000F\000\050\000t\000,\000y\000'\000\051}{subsection.10.2}% 67
\BOOKMARK [3][-]{subsubsection.10.2.2}{\376\377\000F\000\040\000=\000\040\000F\000\050\000y\000,\000y\000'\000\051}{subsection.10.2}% 68
\BOOKMARK [3][-]{subsubsection.10.2.3}{\376\377\000F\000\040\000=\000\040\000F\000\050\000y\000'\000\051}{subsection.10.2}% 69
\BOOKMARK [3][-]{subsubsection.10.2.4}{\376\377\000F\000\040\000=\000\040\000F\000\050\000t\000,\000y\000\051}{subsection.10.2}% 70
\BOOKMARK [3][-]{subsubsection.10.2.5}{\376\377\133\130\127\050\202\345\136\162\162\266\140\001\123\330\221\317}{subsection.10.2}% 71
\BOOKMARK [3][-]{subsubsection.10.2.6}{\376\377\133\130\127\050\232\330\226\066\133\374\145\160}{subsection.10.2}% 72
\BOOKMARK [2][-]{subsection.10.3}{\376\377\117\213\133\120\377\032\127\204\145\255\117\001\116\032\166\204\122\250\140\001\117\030\123\026}{section.10}% 73
\BOOKMARK [1][-]{section.11}{\376\377\123\357\123\330\172\357\160\271\116\013\166\204\225\356\230\230}{}% 74
\BOOKMARK [2][-]{subsection.11.1}{\376\377\123\357\123\330\172\357\160\271\116\013\166\204\116\000\202\054\152\052\142\052\147\141\116\366}{section.11}% 75
\BOOKMARK [2][-]{subsection.11.2}{\376\377\162\171\153\212\166\204\152\052\142\052\147\141\116\366}{section.11}% 76
\BOOKMARK [3][-]{subsubsection.11.2.1}{\376\377\127\202\166\364\176\310\153\142\176\277\116\016\142\052\145\255\127\202\166\364\176\310\153\142\176\277}{subsection.11.2}% 77
\BOOKMARK [3][-]{subsubsection.11.2.2}{\376\377\154\064\136\163\176\310\153\142\176\277\116\016\142\052\145\255\154\064\136\163\176\310\153\142\176\277}{subsection.11.2}% 78
\BOOKMARK [3][-]{subsubsection.11.2.3}{\376\377\176\310\153\142\146\362\176\277}{subsection.11.2}% 79
\BOOKMARK [3][-]{subsubsection.11.2.4}{\376\377\123\357\123\330\122\035\131\313\160\271}{subsection.11.2}% 80
\BOOKMARK [3][-]{subsubsection.11.2.5}{\376\377\131\032\116\052\162\266\140\001\123\330\221\317}{subsection.11.2}% 81
\BOOKMARK [3][-]{subsubsection.11.2.6}{\376\377\232\330\226\066\133\374\145\160}{subsection.11.2}% 82
\BOOKMARK [2][-]{subsection.11.3}{\376\377\117\213\133\120\377\032\122\263\122\250\227\000\154\102\166\204\147\000\117\030\214\003\145\164}{section.11}% 83
\BOOKMARK [1][-]{section.12}{\376\377\123\330\122\006\154\325\166\204\116\214\226\066\147\141\116\366}{}% 84
\BOOKMARK [2][-]{subsection.12.1}{\376\377\121\371\140\047\116\016\121\370\140\047\166\204\147\141\116\366}{section.12}% 85
\BOOKMARK [3][-]{subsubsection.12.1.1}{\376\377\121\371\140\047\116\016\121\370\140\047\166\204\122\044\145\255}{subsection.12.1}% 86
\BOOKMARK [2][-]{subsection.12.2}{\376\377\122\322\213\251\137\267\147\141\116\366}{section.12}% 87
\BOOKMARK [2][-]{subsection.12.3}{\376\377\116\000\226\066\123\330\122\006\116\016\116\214\226\066\123\330\122\006}{section.12}% 88
\BOOKMARK [1][-]{section.13}{\376\377\145\340\226\120\213\241\122\022\154\064\136\163}{}% 89
\BOOKMARK [2][-]{subsection.13.1}{\376\377\154\333\121\375\166\204\145\066\145\133}{section.13}% 90
\BOOKMARK [3][-]{subsubsection.13.1.1}{\376\377\147\141\116\366\0001}{subsection.13.1}% 91
\BOOKMARK [3][-]{subsubsection.13.1.2}{\376\377\147\141\116\366\0002}{subsection.13.1}% 92
\BOOKMARK [3][-]{subsubsection.13.1.3}{\376\377\147\141\116\366\0003}{subsection.13.1}% 93
\BOOKMARK [2][-]{subsection.13.2}{\376\377\145\340\226\120\213\241\122\022\154\064\136\163\116\013\166\204\152\052\142\052\147\141\116\366}{section.13}% 94
\BOOKMARK [2][-]{subsection.13.3}{\376\377\121\371\140\047\116\016\121\370\140\047\166\204\147\141\116\366}{section.13}% 95
\BOOKMARK [2][-]{subsection.13.4}{\376\377\145\340\226\120\213\241\122\022\154\064\136\163\116\013\166\204\166\370\126\376\122\006\147\220\377\032\173\200\123\026\166\204\142\311\131\306\237\120\152\041\127\213}{section.13}% 96
\BOOKMARK [2][-]{subsection.13.5}{\376\377\147\011\226\120\145\366\225\364\116\013\166\204\166\370\126\376\122\006\147\220}{section.13}% 97
\BOOKMARK [1][-]{section.14}{\376\377\176\246\147\137\225\356\230\230}{}% 98
\BOOKMARK [2][-]{subsection.14.1}{\376\377\173\111\137\017\176\246\147\137}{section.14}% 99
\BOOKMARK [2][-]{subsection.14.2}{\376\377\137\256\122\006\145\271\172\013\176\246\147\137}{section.14}% 100
\BOOKMARK [2][-]{subsection.14.3}{\376\377\116\015\173\111\137\017\176\246\147\137}{section.14}% 101
\BOOKMARK [2][-]{subsection.14.4}{\376\377\173\111\124\150\225\177\225\356\230\230}{section.14}% 102
\BOOKMARK [2][-]{subsection.14.5}{\376\377\117\213\133\120\377\032\123\357\200\027\172\355\215\104\156\220\166\204\176\317\155\116\133\146}{section.14}% 103
\BOOKMARK [1][-]{section.15}{\376\377\147\000\117\030\143\247\122\066\116\055\166\204\147\000\131\047\120\074\123\237\164\006}{}% 104
\BOOKMARK [2][-]{subsection.15.1}{\376\377\147\000\131\047\120\074\123\237\164\006}{section.15}% 105
\BOOKMARK [2][-]{subsection.15.2}{\376\377\116\345\123\330\122\006\154\325\147\145\167\013\137\205\147\000\131\047\120\074\123\237\164\006}{section.15}% 106
\BOOKMARK [2][-]{subsection.15.3}{\376\377\116\015\124\014\166\204\176\310\153\142\147\141\116\366}{section.15}% 107
\BOOKMARK [3][-]{subsubsection.15.3.1}{\376\377\126\372\133\232\176\310\153\142\160\271}{subsection.15.3}% 108
\BOOKMARK [3][-]{subsubsection.15.3.2}{\376\377\154\064\136\163\176\310\153\142\176\277}{subsection.15.3}% 109
\BOOKMARK [3][-]{subsubsection.15.3.3}{\376\377\176\310\153\142\146\362\176\277}{subsection.15.3}% 110
\BOOKMARK [3][-]{subsubsection.15.3.4}{\376\377\142\052\145\255\127\202\166\364\176\310\153\142\176\277}{subsection.15.3}% 111
\BOOKMARK [3][-]{subsubsection.15.3.5}{\376\377\142\052\145\255\154\064\136\163\176\310\153\142\176\277}{subsection.15.3}% 112
\BOOKMARK [2][-]{subsection.15.4}{\376\377\201\352\143\247\225\356\230\230\166\204\154\111\133\306\134\024\230\177\121\375\145\160\166\204\116\015\123\330\140\047}{section.15}% 113
\BOOKMARK [2][-]{subsection.15.5}{\376\377\117\213\133\120\377\032\145\077\154\273\127\213\176\317\155\116\124\150\147\037}{section.15}% 114
\BOOKMARK [1][-]{section.16}{\376\377\147\000\117\030\143\247\122\066\166\204\146\364\131\032\213\250\213\272}{}% 115
\BOOKMARK [2][-]{subsection.16.1}{\376\377\147\000\131\047\120\074\123\237\164\006\166\204\116\000\171\315\176\317\155\116\133\146\211\343\221\312}{section.16}% 116
\BOOKMARK [2][-]{subsection.16.2}{\376\377\137\123\122\115\120\074\154\111\133\306\134\024\230\177\121\375\145\160}{section.16}% 117
\BOOKMARK [2][-]{subsection.16.3}{\376\377\121\105\122\006\147\141\116\366}{section.16}% 118
\BOOKMARK [3][-]{subsubsection.16.3.1}{\376\377\146\374\122\240\204\050\147\227\121\105\122\006\140\047\133\232\164\006}{subsection.16.3}% 119
\BOOKMARK [3][-]{subsubsection.16.3.2}{\376\377\226\077\177\127\121\105\122\006\140\047\133\232\164\006}{subsection.16.3}% 120
\BOOKMARK [1][-]{section.17}{\376\377\145\340\226\120\154\064\136\163\225\356\230\230}{}% 121
\BOOKMARK [2][-]{subsection.17.1}{\376\377\152\052\142\052\147\141\116\366}{section.17}% 122
\BOOKMARK [1][-]{section.18}{\376\377\124\053\147\011\176\246\147\137\166\204\147\000\117\030\123\026\143\247\122\066\225\356\230\230}{}% 123
